#
# A fatal error has been detected by the Java Runtime Environment:
#
#  EXCEPTION_ACCESS_VIOLATION (0xc0000005) at pc=0x00007ffcaa00f72b, pid=19340, tid=27672
#
# JRE version: OpenJDK Runtime Environment Temurin-17.0.11+9 (17.0.11+9) (build 17.0.11+9)
# Java VM: OpenJDK 64-Bit Server VM Temurin-17.0.11+9 (17.0.11+9, mixed mode, tiered, compressed oops, compressed class ptrs, g1 gc, windows-amd64)
# Problematic frame:
# V  [jvm.dll+0x18f72b]
#
# No core dump will be written. Minidumps are not enabled by default on client versions of Windows
#
# If you would like to submit a bug report, please visit:
#   https://github.com/adoptium/adoptium-support/issues
#

---------------  S U M M A R Y ------------

Command Line: -Djavax.net.ssl.trustStoreType=WINDOWS-ROOT -Dsun.java2d.d3d=false com.st.microxplorer.maingui.STM32CubeMX C:\Github\STM32_learing.github.io\OTA_2\APP\template_1.ioc

Host: Intel(R) Core(TM) i7-8650U CPU @ 1.90GHz, 8 cores, 15G,  Windows 10 , 64 bit Build 19041 (10.0.19041.5438)
Time: Sat Feb 15 14:57:17 2025  Windows 10 , 64 bit Build 19041 (10.0.19041.5438) elapsed time: 13.370992 seconds (0d 0h 0m 13s)

---------------  T H R E A D  ---------------

Current thread (0x0000022fab0be070):  JavaThread "C1 CompilerThread0" daemon [_thread_in_native, id=27672, stack(0x000000626ac00000,0x000000626ad00000)]


Current CompileTask:
C1:  13371 7605       3       org.apache.xerces.impl.XMLScanner::scanAttributeValue (996 bytes)

Stack: [0x000000626ac00000,0x000000626ad00000],  sp=0x000000626acfee40,  free space=1019k
Native frames: (J=compiled Java code, j=interpreted, Vv=VM code, C=native code)
V  [jvm.dll+0x18f72b]
V  [jvm.dll+0x135c7d]
V  [jvm.dll+0x135ee0]
V  [jvm.dll+0x1361a6]
V  [jvm.dll+0x13563a]
V  [jvm.dll+0x1372f1]
V  [jvm.dll+0x2295cd]
V  [jvm.dll+0x22779c]
V  [jvm.dll+0x7e9d07]
V  [jvm.dll+0x7e410a]
V  [jvm.dll+0x67c315]
C  [ucrtbase.dll+0x21bb2]
C  [KERNEL32.DLL+0x17374]
C  [ntdll.dll+0x4cc91]


siginfo: EXCEPTION_ACCESS_VIOLATION (0xc0000005), reading address 0x0000022eab114eac


Registers:
RAX=0x0000022eab114ea0, RBX=0x0000022fb098eb90, RCX=0x0000022fb098eb90, RDX=0x0000000000000000
RSP=0x000000626acfee40, RBP=0x000000626acfeee9, RSI=0x000000000000000b, RDI=0x000000000000000a
R8 =0x0000000000000000, R9 =0x000000000000000d, R10=0xfffffffffffffe30, R11=0x0000022fb0e976f0
R12=0x000000626acfef70, R13=0x000000626acff740, R14=0x0000022fb41f1a70, R15=0x0000022fb41f1d30
RIP=0x00007ffcaa00f72b, EFLAGS=0x0000000000010246


Register to memory mapping:

RIP=0x00007ffcaa00f72b jvm.dll
RAX=0x0000022eab114ea0 is an unknown value
RBX=0x0000022fb098eb90 points into unknown readable memory: 0x00007ffcaa7a8c18 | 18 8c 7a aa fc 7f 00 00
RCX=0x0000022fb098eb90 points into unknown readable memory: 0x00007ffcaa7a8c18 | 18 8c 7a aa fc 7f 00 00
RDX=0x0 is NULL
RSP=0x000000626acfee40 is pointing into the stack for thread: 0x0000022fab0be070
RBP=0x000000626acfeee9 is pointing into the stack for thread: 0x0000022fab0be070
RSI=0x000000000000000b is an unknown value
RDI=0x000000000000000a is an unknown value
R8 =0x0 is NULL
R9 =0x000000000000000d is an unknown value
R10=0xfffffffffffffe30 is an unknown value
R11=0x0000022fb0e976f0 points into unknown readable memory: 0x0000000000000000 | 00 00 00 00 00 00 00 00
R12=0x000000626acfef70 is pointing into the stack for thread: 0x0000022fab0be070
R13=0x000000626acff740 is pointing into the stack for thread: 0x0000022fab0be070
R14=0x0000022fb41f1a70 points into unknown readable memory: 0x00007ffcaa7a5258 | 58 52 7a aa fc 7f 00 00
R15=0x0000022fb41f1d30 points into unknown readable memory: 0x0000022fb276ccc0 | c0 cc 76 b2 2f 02 00 00


Top of Stack: (sp=0x000000626acfee40)
0x000000626acfee40:   0000000000000001 0000000000000017
0x000000626acfee50:   0000000000000017 000000626acfeee9
0x000000626acfee60:   0000000000000017 0000022fb0e947f0
0x000000626acfee70:   000000000000007d 0000022f8791f980
0x000000626acfee80:   0000022f8791f950 0000022fb276cca0
0x000000626acfee90:   00000000000000a0 0000022fb0e94300
0x000000626acfeea0:   00000000000000a0 0000022fb0e94320
0x000000626acfeeb0:   00007ffcaa7abf50 000000626acfef70
0x000000626acfeec0:   0000000800000003 0000022fb0e952e0
0x000000626acfeed0:   0000000000000000 0000000000000001
0x000000626acfeee0:   0000000000000000 0000000000000000
0x000000626acfeef0:   0000000000000000 00000000000000a0
0x000000626acfef00:   0000e474ca4df0f2 00007ffca9fb58f2
0x000000626acfef10:   0000022f970a8d90 00007ffcaa996c50
0x000000626acfef20:   000000626acff740 0000022f8791fae0
0x000000626acfef30:   0000000000000000 0000022fb6212980
0x000000626acfef40:   000000626acfefb9 00007ffca9fb5c7d
0x000000626acfef50:   000000626acff260 0000022fb6212980
0x000000626acfef60:   000000626acff260 00007ffcaa996c50
0x000000626acfef70:   00007ffcaa7abda8 000000626acff260
0x000000626acfef80:   0000022fb0e975f0 0000007d0000007d
0x000000626acfef90:   0000022fb0e94e80 0000000000000000
0x000000626acfefa0:   0000022fb0e95270 000000000000034a
0x000000626acfefb0:   0000000000000001 00007ffc00000005
0x000000626acfefc0:   0000022fb2770000 0000000000000000
0x000000626acfefd0:   0000000000000002 00007ffca9fb5800
0x000000626acfefe0:   0000022f85737190 00007ffcaa713bb2
0x000000626acfeff0:   0000000000000000 0000022fab0be070
0x000000626acff000:   0000000000000000 0000022f00000004
0x000000626acff010:   000000626acff260 00007ffca9fb5ee0
0x000000626acff020:   0000022fab107e30 00007ffcaa996c50
0x000000626acff030:   000000626acff260 00007ffcaa996c50 

Instructions: (pc=0x00007ffcaa00f72b)
0x00007ffcaa00f62b:   00 00 00 00 00 49 8b 86 c0 00 00 00 48 8b 0c d8
0x00007ffcaa00f63b:   49 8b 44 24 20 48 63 51 74 49 8b 4c 24 10 48 8b
0x00007ffcaa00f64b:   14 d0 48 85 d2 74 0f 48 83 c2 20 48 83 c1 20 e8
0x00007ffcaa00f65b:   a1 f5 f8 ff eb 05 e8 ba 09 00 00 48 ff c3 49 3b
0x00007ffcaa00f66b:   df 7c c2 4d 8b 7e 60 33 c0 8b d8 41 8b 77 30 85
0x00007ffcaa00f67b:   f6 7e 51 66 90 49 8b 47 38 48 63 cb 48 8b 3c c8
0x00007ffcaa00f68b:   48 8b cf 48 8b 07 ff 50 10 48 85 c0 74 29 4c 39
0x00007ffcaa00f69b:   70 58 75 23 4c 63 40 08 49 8b 44 24 30 49 8b c8
0x00007ffcaa00f6ab:   48 c1 e9 06 41 83 e0 3f 48 8d 14 c8 48 8b 04 c8
0x00007ffcaa00f6bb:   4c 0f ab c0 48 89 02 48 8b 47 18 03 58 08 3b de
0x00007ffcaa00f6cb:   7c b3 33 c0 41 8b 77 18 8b f8 85 f6 7e 68 0f 1f
0x00007ffcaa00f6db:   80 00 00 00 00 49 8b 47 20 48 63 cf 48 8b 1c c8
0x00007ffcaa00f6eb:   48 85 db 74 46 48 8b 03 48 8b cb ff 50 10 48 85
0x00007ffcaa00f6fb:   c0 74 29 4c 39 70 58 75 23 4c 63 40 08 49 8b 44
0x00007ffcaa00f70b:   24 30 49 8b c8 48 c1 e9 06 41 83 e0 3f 48 8d 14
0x00007ffcaa00f71b:   c8 48 8b 04 c8 4c 0f ab c0 48 89 02 48 8b 43 18
0x00007ffcaa00f72b:   83 78 0c 08 74 05 8b 40 08 eb 05 b8 01 00 00 00
0x00007ffcaa00f73b:   03 f8 3b fe 7c 9f 49 8b 5e 20 48 85 db 74 29 66
0x00007ffcaa00f74b:   0f 1f 44 00 00 48 8b 03 49 8b d4 48 8b cb ff 90
0x00007ffcaa00f75b:   a0 01 00 00 48 8b d3 49 8b cc e8 56 10 00 00 48
0x00007ffcaa00f76b:   8b 5b 20 48 85 db 75 dd 49 8b 4c 24 20 49 63 56
0x00007ffcaa00f77b:   74 49 8b 44 24 10 4c 8b 45 8f 48 8b 5d 97 48 8b
0x00007ffcaa00f78b:   7c 24 28 48 89 04 d1 48 8b 4c 24 20 48 ff c1 48
0x00007ffcaa00f79b:   89 4c 24 20 48 3b 4d 87 0f 8c 07 fd ff ff 4c 8b
0x00007ffcaa00f7ab:   7d 9f 41 80 7c 24 40 00 74 22 48 8d 05 24 89 79
0x00007ffcaa00f7bb:   00 49 8b cf 48 89 45 a7 48 8d 55 a7 48 8d 05 22
0x00007ffcaa00f7cb:   89 79 00 48 89 45 b7 e8 69 c4 fb ff f6 45 e7 01
0x00007ffcaa00f7db:   74 0e 48 8b 4d df 48 85 c9 74 05 e8 a5 cd f1 ff
0x00007ffcaa00f7eb:   49 8b c4 48 8b 4d 17 48 33 cc e8 b6 0e 70 00 48
0x00007ffcaa00f7fb:   8b 9c 24 20 01 00 00 48 81 c4 d0 00 00 00 41 5f
0x00007ffcaa00f80b:   41 5e 41 5d 41 5c 5f 5e 5d c3 cc cc cc cc cc cc
0x00007ffcaa00f81b:   cc cc cc cc cc 48 89 5c 24 08 48 89 74 24 10 57 


Stack slot to memory mapping:
stack at sp + 0 slots: 0x0000000000000001 is an unknown value
stack at sp + 1 slots: 0x0000000000000017 is an unknown value
stack at sp + 2 slots: 0x0000000000000017 is an unknown value
stack at sp + 3 slots: 0x000000626acfeee9 is pointing into the stack for thread: 0x0000022fab0be070
stack at sp + 4 slots: 0x0000000000000017 is an unknown value
stack at sp + 5 slots: 0x0000022fb0e947f0 points into unknown readable memory: 0x0000007d0000007d | 7d 00 00 00 7d 00 00 00
stack at sp + 6 slots: 0x000000000000007d is an unknown value
stack at sp + 7 slots: 0x0000022f8791f980 points into unknown readable memory: 0x8000000800000001 | 01 00 00 00 08 00 00 80


---------------  P R O C E S S  ---------------

Threads class SMR info:
_java_thread_list=0x0000022fb67b3280, length=34, elements={
0x0000022fab0a3610, 0x0000022fab0a4710, 0x0000022fab0e1430, 0x0000022fab0e1ef0,
0x0000022fab0e28b0, 0x0000022fab0ba450, 0x0000022fab0bae00, 0x0000022fab0be070,
0x0000022fab10a160, 0x0000022fab287080, 0x0000022fab294eb0, 0x0000022fb037c400,
0x0000022fb0378620, 0x0000022fabad7020, 0x0000022fb0692f20, 0x0000022fb06138e0,
0x0000022fb0615230, 0x0000022fb0809ec0, 0x0000022fb080e5a0, 0x0000022fb455cd00,
0x0000022fb47a3fb0, 0x0000022fb08099b0, 0x0000022fb080a3d0, 0x0000022fb080c230,
0x0000022fb080c740, 0x0000022fb080cc50, 0x0000022fb080d160, 0x0000022fb0613df0,
0x0000022fb06129b0, 0x0000022fb0ce7470, 0x0000022fb0ce2d90, 0x0000022fb0ce8dc0,
0x0000022fb0ce41d0, 0x0000022fb0ce6f60
}
_to_delete_list=0x0000022fb3dd8510, length=32, elements={
0x0000022fab0a3610, 0x0000022fab0a4710, 0x0000022fab0e1430, 0x0000022fab0e1ef0,
0x0000022fab0e28b0, 0x0000022fab0ba450, 0x0000022fab0bae00, 0x0000022fab0be070,
0x0000022fab10a160, 0x0000022fab287080, 0x0000022fab294eb0, 0x0000022fb037c400,
0x0000022fb0378620, 0x0000022fabad7020, 0x0000022fb0692f20, 0x0000022fb06138e0,
0x0000022fb0615230, 0x0000022fb0809ec0, 0x0000022fb080e5a0, 0x0000022fb455cd00,
0x0000022fb47a3fb0, 0x0000022fb08099b0, 0x0000022fb080a3d0, 0x0000022fb080c230,
0x0000022fb080c740, 0x0000022fb080cc50, 0x0000022fb080d160, 0x0000022fb0613df0,
0x0000022fb06129b0, 0x0000022fb0ce7470, 0x0000022fb0ce2d90, 0x0000022fb0ce8dc0
}

Java Threads: ( => current thread )
  0x0000022fab0a3610 JavaThread "Reference Handler" daemon [_thread_blocked, id=1296, stack(0x000000626a500000,0x000000626a600000)]
  0x0000022fab0a4710 JavaThread "Finalizer" daemon [_thread_blocked, id=25264, stack(0x000000626a600000,0x000000626a700000)]
  0x0000022fab0e1430 JavaThread "Signal Dispatcher" daemon [_thread_blocked, id=21192, stack(0x000000626a700000,0x000000626a800000)]
  0x0000022fab0e1ef0 JavaThread "Attach Listener" daemon [_thread_blocked, id=28844, stack(0x000000626a800000,0x000000626a900000)]
  0x0000022fab0e28b0 JavaThread "Service Thread" daemon [_thread_blocked, id=21564, stack(0x000000626a900000,0x000000626aa00000)]
  0x0000022fab0ba450 JavaThread "Monitor Deflation Thread" daemon [_thread_blocked, id=17088, stack(0x000000626aa00000,0x000000626ab00000)]
  0x0000022fab0bae00 JavaThread "C2 CompilerThread0" daemon [_thread_in_native, id=29156, stack(0x000000626ab00000,0x000000626ac00000)]
=>0x0000022fab0be070 JavaThread "C1 CompilerThread0" daemon [_thread_in_native, id=27672, stack(0x000000626ac00000,0x000000626ad00000)]
  0x0000022fab10a160 JavaThread "Sweeper thread" daemon [_thread_blocked, id=21336, stack(0x000000626ad00000,0x000000626ae00000)]
  0x0000022fab287080 JavaThread "Notification Thread" daemon [_thread_blocked, id=22024, stack(0x000000626ae00000,0x000000626af00000)]
  0x0000022fab294eb0 JavaThread "Common-Cleaner" daemon [_thread_blocked, id=25312, stack(0x000000626b000000,0x000000626b100000)]
  0x0000022fb037c400 JavaThread "Java2D Disposer" daemon [_thread_blocked, id=28108, stack(0x000000626b900000,0x000000626ba00000)]
  0x0000022fb0378620 JavaThread "AWT-Shutdown" [_thread_blocked, id=28884, stack(0x000000626ba00000,0x000000626bb00000)]
  0x0000022fabad7020 JavaThread "AWT-Windows" daemon [_thread_in_native, id=21680, stack(0x000000626bb00000,0x000000626bc00000)]
  0x0000022fb0692f20 JavaThread "AWT-EventQueue-0" [_thread_blocked, id=19652, stack(0x000000626bd00000,0x000000626be00000)]
  0x0000022fb06138e0 JavaThread "DestroyJavaVM" [_thread_blocked, id=26328, stack(0x0000006269e00000,0x0000006269f00000)]
  0x0000022fb0615230 JavaThread "TimerQueue" daemon [_thread_blocked, id=14140, stack(0x000000626c400000,0x000000626c500000)]
  0x0000022fb0809ec0 JavaThread "Keep-Alive-Timer" daemon [_thread_blocked, id=20824, stack(0x000000626b100000,0x000000626b200000)]
  0x0000022fb080e5a0 JavaThread "Thread-2" [_thread_blocked, id=22548, stack(0x000000626c800000,0x000000626c900000)]
  0x0000022fb455cd00 JavaThread "C2 CompilerThread1" daemon [_thread_in_native, id=18496, stack(0x000000626bf00000,0x000000626c000000)]
  0x0000022fb47a3fb0 JavaThread "C2 CompilerThread2" daemon [_thread_in_native, id=21864, stack(0x000000626c100000,0x000000626c200000)]
  0x0000022fb08099b0 JavaThread "IPC Server Thread" daemon [_thread_in_native, id=28560, stack(0x000000626cd00000,0x000000626ce00000)]
  0x0000022fb080a3d0 JavaThread "Chromium Process Thread" [_thread_in_native, id=26956, stack(0x000000626ce00000,0x000000626cf00000)]
  0x0000022fb080c230 JavaThread "Chromium Process Logger" daemon [_thread_in_native, id=28668, stack(0x000000626cf00000,0x000000626d000000)]
  0x0000022fb080c740 JavaThread "IPC Memory Reader Thread" [_thread_in_native, id=26760, stack(0x000000626d100000,0x000000626d200000)]
  0x0000022fb080cc50 JavaThread "Browser Thread: 045aeb84-e608-453c-b9c7-b0b871eddf47" daemon [_thread_in_vm, id=26884, stack(0x000000626d200000,0x000000626d300000)]
  0x0000022fb080d160 JavaThread "Socket Connection Checker: 045aeb84-e608-453c-b9c7-b0b871eddf47" [_thread_in_native, id=22284, stack(0x000000626d300000,0x000000626d400000)]
  0x0000022fb0613df0 JavaThread "GPU Thread: 75fedced-701b-4ff2-b89b-4c64027760b1" daemon [_thread_blocked, id=28548, stack(0x000000626d600000,0x000000626d700000)]
  0x0000022fb06129b0 JavaThread "IPC Memory Reader Thread" [_thread_in_native, id=24964, stack(0x000000626d500000,0x000000626d600000)]
  0x0000022fb0ce7470 JavaThread "Socket Connection Checker: 75fedced-701b-4ff2-b89b-4c64027760b1" [_thread_in_native, id=27632, stack(0x000000626d700000,0x000000626d800000)]
  0x0000022fb0ce2d90 JavaThread "SwingWorker-pool-2-thread-1" daemon [_thread_in_Java, id=20764, stack(0x000000626c300000,0x000000626c400000)]
  0x0000022fb0ce8dc0 JavaThread "IPC Memory Reader Thread" [_thread_in_native, id=28748, stack(0x000000626c200000,0x000000626c300000)]
  0x0000022fb0ce41d0 JavaThread "Render Thread: 4749f795-f93b-49d8-867e-684d9da2f4b4" daemon [_thread_blocked, id=22412, stack(0x000000626d800000,0x000000626d900000)]
  0x0000022fb0ce6f60 JavaThread "Socket Connection Checker: 4749f795-f93b-49d8-867e-684d9da2f4b4" [_thread_in_native, id=25676, stack(0x000000626d900000,0x000000626da00000)]

Other Threads:
  0x0000022fab028930 VMThread "VM Thread" [stack: 0x000000626a400000,0x000000626a500000] [id=28588]
  0x0000022fab289570 WatcherThread [stack: 0x000000626af00000,0x000000626b000000] [id=21912]
  0x0000022f87916740 GCTaskThread "GC Thread#0" [stack: 0x0000006269f00000,0x000000626a000000] [id=6148]
  0x0000022fabb3aae0 GCTaskThread "GC Thread#1" [stack: 0x000000626b200000,0x000000626b300000] [id=21364]
  0x0000022fab8bbcc0 GCTaskThread "GC Thread#2" [stack: 0x000000626b300000,0x000000626b400000] [id=8768]
  0x0000022fab8bbf80 GCTaskThread "GC Thread#3" [stack: 0x000000626b400000,0x000000626b500000] [id=24528]
  0x0000022fabc5eb40 GCTaskThread "GC Thread#4" [stack: 0x000000626b500000,0x000000626b600000] [id=28408]
  0x0000022fabc5f010 GCTaskThread "GC Thread#5" [stack: 0x000000626b600000,0x000000626b700000] [id=28528]
  0x0000022fabb4a0f0 GCTaskThread "GC Thread#6" [stack: 0x000000626b700000,0x000000626b800000] [id=19636]
  0x0000022fab8a7850 GCTaskThread "GC Thread#7" [stack: 0x000000626b800000,0x000000626b900000] [id=25300]
  0x0000022f87928d00 ConcurrentGCThread "G1 Main Marker" [stack: 0x000000626a000000,0x000000626a100000] [id=27476]
  0x0000022f87929720 ConcurrentGCThread "G1 Conc#0" [stack: 0x000000626a100000,0x000000626a200000] [id=20896]
  0x0000022fabc12150 ConcurrentGCThread "G1 Conc#1" [stack: 0x000000626bc00000,0x000000626bd00000] [id=24568]
  0x0000022f8795e590 ConcurrentGCThread "G1 Refine#0" [stack: 0x000000626a200000,0x000000626a300000] [id=23468]
  0x0000022fb08335b0 ConcurrentGCThread "G1 Refine#1" [stack: 0x000000626c000000,0x000000626c100000] [id=25464]
  0x0000022fb4dd2080 ConcurrentGCThread "G1 Refine#2" [stack: 0x000000626c700000,0x000000626c800000] [id=19252]
  0x0000022fb48dc330 ConcurrentGCThread "G1 Refine#3" [stack: 0x000000626cc00000,0x000000626cd00000] [id=25248]
  0x0000022faaed61a0 ConcurrentGCThread "G1 Service" [stack: 0x000000626a300000,0x000000626a400000] [id=28856]

Threads with active compile tasks:
C2 CompilerThread0    13452 7480   !   4       java.net.URL::<init> (543 bytes)
C1 CompilerThread0    13452 7605       3       org.apache.xerces.impl.XMLScanner::scanAttributeValue (996 bytes)
C2 CompilerThread1    13452 7599 %     4       com.st.microxplorer.mcu.IP::getParameter @ 337 (536 bytes)
C2 CompilerThread2    13452 7438       4       com.altova.xml.XmlTreeOperations::findAttribute (20 bytes)

VM state: not at safepoint (normal execution)

VM Mutex/Monitor currently owned by a thread: None

Heap address: 0x0000000701400000, size: 4076 MB, Compressed Oops mode: Zero based, Oop shift amount: 3

CDS archive(s) not mapped
Compressed class space mapped at: 0x0000000800000000-0x0000000840000000, reserved size: 1073741824
Narrow klass base: 0x0000000800000000, Narrow klass shift: 0, Narrow klass range: 0x40000000

GC Precious Log:
 CPUs: 8 total, 8 available
 Memory: 16301M
 Large Page Support: Disabled
 NUMA Support: Disabled
 Compressed Oops: Enabled (Zero based)
 Heap Region Size: 2M
 Heap Min Capacity: 8M
 Heap Initial Capacity: 256M
 Heap Max Capacity: 4076M
 Pre-touch: Disabled
 Parallel Workers: 8
 Concurrent Workers: 2
 Concurrent Refinement Workers: 8
 Periodic GC: Disabled

Heap:
 garbage-first heap   total 292864K, used 171967K [0x0000000701400000, 0x0000000800000000)
  region size 2048K, 21 young (43008K), 7 survivors (14336K)
 Metaspace       used 79717K, committed 80640K, reserved 1179648K
  class space    used 9112K, committed 9536K, reserved 1048576K

Heap Regions: E=young(eden), S=young(survivor), O=old, HS=humongous(starts), HC=humongous(continues), CS=collection set, F=free, OA=open archive, CA=closed archive, TAMS=top-at-mark-start (previous, next)
|   0|0x0000000701400000, 0x0000000701600000, 0x0000000701600000|100%|HS|  |TAMS 0x0000000701600000, 0x0000000701400000| Complete 
|   1|0x0000000701600000, 0x0000000701800000, 0x0000000701800000|100%|HC|  |TAMS 0x0000000701800000, 0x0000000701600000| Complete 
|   2|0x0000000701800000, 0x0000000701a00000, 0x0000000701a00000|100%|HC|  |TAMS 0x0000000701a00000, 0x0000000701800000| Complete 
|   3|0x0000000701a00000, 0x0000000701c00000, 0x0000000701c00000|100%|HS|  |TAMS 0x0000000701c00000, 0x0000000701a00000| Complete 
|   4|0x0000000701c00000, 0x0000000701e00000, 0x0000000701e00000|100%| O|  |TAMS 0x0000000701e00000, 0x0000000701c00000| Untracked 
|   5|0x0000000701e00000, 0x0000000702000000, 0x0000000702000000|100%|HS|  |TAMS 0x0000000702000000, 0x0000000701e00000| Complete 
|   6|0x0000000702000000, 0x0000000702200000, 0x0000000702200000|100%|HS|  |TAMS 0x0000000702200000, 0x0000000702000000| Complete 
|   7|0x0000000702200000, 0x0000000702400000, 0x0000000702400000|100%|HC|  |TAMS 0x0000000702400000, 0x0000000702200000| Complete 
|   8|0x0000000702400000, 0x0000000702600000, 0x0000000702600000|100%|HC|  |TAMS 0x0000000702600000, 0x0000000702400000| Complete 
|   9|0x0000000702600000, 0x0000000702800000, 0x0000000702800000|100%|HS|  |TAMS 0x0000000702800000, 0x0000000702600000| Complete 
|  10|0x0000000702800000, 0x0000000702a00000, 0x0000000702a00000|100%|HC|  |TAMS 0x0000000702a00000, 0x0000000702800000| Complete 
|  11|0x0000000702a00000, 0x0000000702c00000, 0x0000000702c00000|100%|HC|  |TAMS 0x0000000702c00000, 0x0000000702a00000| Complete 
|  12|0x0000000702c00000, 0x0000000702e00000, 0x0000000702e00000|100%| O|  |TAMS 0x0000000702e00000, 0x0000000702c00000| Untracked 
|  13|0x0000000702e00000, 0x0000000703000000, 0x0000000703000000|100%| O|  |TAMS 0x0000000703000000, 0x0000000702e00000| Untracked 
|  14|0x0000000703000000, 0x0000000703200000, 0x0000000703200000|100%| O|  |TAMS 0x0000000703200000, 0x0000000703000000| Untracked 
|  15|0x0000000703200000, 0x0000000703400000, 0x0000000703400000|100%| O|  |TAMS 0x0000000703400000, 0x0000000703200000| Untracked 
|  16|0x0000000703400000, 0x0000000703600000, 0x0000000703600000|100%| O|  |TAMS 0x0000000703600000, 0x0000000703400000| Untracked 
|  17|0x0000000703600000, 0x0000000703800000, 0x0000000703800000|100%| O|  |TAMS 0x0000000703800000, 0x0000000703600000| Untracked 
|  18|0x0000000703800000, 0x0000000703a00000, 0x0000000703a00000|100%| O|  |TAMS 0x0000000703a00000, 0x0000000703800000| Untracked 
|  19|0x0000000703a00000, 0x0000000703c00000, 0x0000000703c00000|100%| O|  |TAMS 0x0000000703c00000, 0x0000000703a00000| Untracked 
|  20|0x0000000703c00000, 0x0000000703e00000, 0x0000000703e00000|100%| O|  |TAMS 0x0000000703e00000, 0x0000000703c00000| Untracked 
|  21|0x0000000703e00000, 0x0000000704000000, 0x0000000704000000|100%| O|  |TAMS 0x0000000704000000, 0x0000000703e00000| Untracked 
|  22|0x0000000704000000, 0x0000000704200000, 0x0000000704200000|100%|HS|  |TAMS 0x0000000704200000, 0x0000000704000000| Complete 
|  23|0x0000000704200000, 0x0000000704400000, 0x0000000704400000|100%|HC|  |TAMS 0x0000000704400000, 0x0000000704200000| Complete 
|  24|0x0000000704400000, 0x0000000704600000, 0x0000000704600000|100%|HS|  |TAMS 0x0000000704600000, 0x0000000704400000| Complete 
|  25|0x0000000704600000, 0x0000000704800000, 0x0000000704800000|100%|HC|  |TAMS 0x0000000704800000, 0x0000000704600000| Complete 
|  26|0x0000000704800000, 0x0000000704a00000, 0x0000000704a00000|100%|HS|  |TAMS 0x0000000704a00000, 0x0000000704800000| Complete 
|  27|0x0000000704a00000, 0x0000000704c00000, 0x0000000704c00000|100%|HC|  |TAMS 0x0000000704c00000, 0x0000000704a00000| Complete 
|  28|0x0000000704c00000, 0x0000000704e00000, 0x0000000704e00000|100%| O|  |TAMS 0x0000000704c9d400, 0x0000000704c00000| Untracked 
|  29|0x0000000704e00000, 0x0000000705000000, 0x0000000705000000|100%|HS|  |TAMS 0x0000000705000000, 0x0000000704e00000| Complete 
|  30|0x0000000705000000, 0x0000000705200000, 0x0000000705200000|100%|HC|  |TAMS 0x0000000705200000, 0x0000000705000000| Complete 
|  31|0x0000000705200000, 0x0000000705400000, 0x0000000705400000|100%|HS|  |TAMS 0x0000000705400000, 0x0000000705200000| Complete 
|  32|0x0000000705400000, 0x0000000705600000, 0x0000000705600000|100%|HC|  |TAMS 0x0000000705600000, 0x0000000705400000| Complete 
|  33|0x0000000705600000, 0x0000000705800000, 0x0000000705800000|100%| O|  |TAMS 0x0000000705600000, 0x0000000705600000| Untracked 
|  34|0x0000000705800000, 0x0000000705a00000, 0x0000000705a00000|100%|HS|  |TAMS 0x0000000705800000, 0x0000000705800000| Complete 
|  35|0x0000000705a00000, 0x0000000705c00000, 0x0000000705c00000|100%|HC|  |TAMS 0x0000000705a00000, 0x0000000705a00000| Complete 
|  36|0x0000000705c00000, 0x0000000705e00000, 0x0000000705e00000|100%| O|  |TAMS 0x0000000705c00000, 0x0000000705c00000| Untracked 
|  37|0x0000000705e00000, 0x0000000706000000, 0x0000000706000000|100%|HS|  |TAMS 0x0000000706000000, 0x0000000705e00000| Complete 
|  38|0x0000000706000000, 0x0000000706200000, 0x0000000706200000|100%|HC|  |TAMS 0x0000000706200000, 0x0000000706000000| Complete 
|  39|0x0000000706200000, 0x0000000706400000, 0x0000000706400000|100%| O|  |TAMS 0x0000000706200000, 0x0000000706200000| Untracked 
|  40|0x0000000706400000, 0x0000000706600000, 0x0000000706600000|100%| O|  |TAMS 0x0000000706400000, 0x0000000706400000| Untracked 
|  41|0x0000000706600000, 0x0000000706800000, 0x0000000706800000|100%|HS|  |TAMS 0x0000000706600000, 0x0000000706600000| Complete 
|  42|0x0000000706800000, 0x0000000706a00000, 0x0000000706a00000|100%|HC|  |TAMS 0x0000000706800000, 0x0000000706800000| Complete 
|  43|0x0000000706a00000, 0x0000000706c00000, 0x0000000706c00000|100%|HS|  |TAMS 0x0000000706a00000, 0x0000000706a00000| Complete 
|  44|0x0000000706c00000, 0x0000000706e00000, 0x0000000706e00000|100%|HC|  |TAMS 0x0000000706c00000, 0x0000000706c00000| Complete 
|  45|0x0000000706e00000, 0x0000000707000000, 0x0000000707000000|100%|HS|  |TAMS 0x0000000706e00000, 0x0000000706e00000| Complete 
|  46|0x0000000707000000, 0x0000000707200000, 0x0000000707200000|100%|HC|  |TAMS 0x0000000707000000, 0x0000000707000000| Complete 
|  47|0x0000000707200000, 0x0000000707400000, 0x0000000707400000|100%| O|  |TAMS 0x0000000707200000, 0x0000000707200000| Untracked 
|  48|0x0000000707400000, 0x0000000707600000, 0x0000000707600000|100%| O|  |TAMS 0x0000000707400000, 0x0000000707400000| Untracked 
|  49|0x0000000707600000, 0x0000000707800000, 0x0000000707800000|100%| O|  |TAMS 0x0000000707600000, 0x0000000707600000| Untracked 
|  50|0x0000000707800000, 0x0000000707a00000, 0x0000000707a00000|100%| O|  |TAMS 0x0000000707800000, 0x0000000707800000| Untracked 
|  51|0x0000000707a00000, 0x0000000707c00000, 0x0000000707c00000|100%| O|  |TAMS 0x0000000707a00000, 0x0000000707a00000| Untracked 
|  52|0x0000000707c00000, 0x0000000707e00000, 0x0000000707e00000|100%| O|  |TAMS 0x0000000707c00000, 0x0000000707c00000| Untracked 
|  53|0x0000000707e00000, 0x0000000708000000, 0x0000000708000000|100%| O|  |TAMS 0x0000000707e00000, 0x0000000707e00000| Untracked 
|  54|0x0000000708000000, 0x0000000708200000, 0x0000000708200000|100%| O|  |TAMS 0x0000000708000000, 0x0000000708000000| Untracked 
|  55|0x0000000708200000, 0x0000000708400000, 0x0000000708400000|100%| O|  |TAMS 0x0000000708200000, 0x0000000708200000| Untracked 
|  56|0x0000000708400000, 0x0000000708600000, 0x0000000708600000|100%| O|  |TAMS 0x0000000708400000, 0x0000000708400000| Untracked 
|  57|0x0000000708600000, 0x000000070864a800, 0x0000000708800000| 14%| O|  |TAMS 0x0000000708600000, 0x0000000708600000| Untracked 
|  58|0x0000000708800000, 0x0000000708a00000, 0x0000000708a00000|100%|HS|  |TAMS 0x0000000708800000, 0x0000000708800000| Complete 
|  59|0x0000000708a00000, 0x0000000708c00000, 0x0000000708c00000|100%|HC|  |TAMS 0x0000000708a00000, 0x0000000708a00000| Complete 
|  60|0x0000000708c00000, 0x0000000708e00000, 0x0000000708e00000|100%|HC|  |TAMS 0x0000000708c00000, 0x0000000708c00000| Complete 
|  61|0x0000000708e00000, 0x0000000709000000, 0x0000000709000000|100%|HC|  |TAMS 0x0000000708e00000, 0x0000000708e00000| Complete 
|  62|0x0000000709000000, 0x0000000709200000, 0x0000000709200000|100%|HC|  |TAMS 0x0000000709000000, 0x0000000709000000| Complete 
|  63|0x0000000709200000, 0x0000000709400000, 0x0000000709400000|100%|HC|  |TAMS 0x0000000709200000, 0x0000000709200000| Complete 
|  64|0x0000000709400000, 0x0000000709600000, 0x0000000709600000|100%|HC|  |TAMS 0x0000000709400000, 0x0000000709400000| Complete 
|  65|0x0000000709600000, 0x0000000709600000, 0x0000000709800000|  0%| F|  |TAMS 0x0000000709600000, 0x0000000709600000| Untracked 
|  66|0x0000000709800000, 0x0000000709800000, 0x0000000709a00000|  0%| F|  |TAMS 0x0000000709800000, 0x0000000709800000| Untracked 
|  67|0x0000000709a00000, 0x0000000709a00000, 0x0000000709c00000|  0%| F|  |TAMS 0x0000000709a00000, 0x0000000709a00000| Untracked 
|  68|0x0000000709c00000, 0x0000000709c00000, 0x0000000709e00000|  0%| F|  |TAMS 0x0000000709c00000, 0x0000000709c00000| Untracked 
|  69|0x0000000709e00000, 0x0000000709e00000, 0x000000070a000000|  0%| F|  |TAMS 0x0000000709e00000, 0x0000000709e00000| Untracked 
|  70|0x000000070a000000, 0x000000070a000000, 0x000000070a200000|  0%| F|  |TAMS 0x000000070a000000, 0x000000070a000000| Untracked 
|  71|0x000000070a200000, 0x000000070a200000, 0x000000070a400000|  0%| F|  |TAMS 0x000000070a200000, 0x000000070a200000| Untracked 
|  72|0x000000070a400000, 0x000000070a400000, 0x000000070a600000|  0%| F|  |TAMS 0x000000070a400000, 0x000000070a400000| Untracked 
|  73|0x000000070a600000, 0x000000070a600000, 0x000000070a800000|  0%| F|  |TAMS 0x000000070a600000, 0x000000070a600000| Untracked 
|  74|0x000000070a800000, 0x000000070a800000, 0x000000070aa00000|  0%| F|  |TAMS 0x000000070a800000, 0x000000070a800000| Untracked 
|  75|0x000000070aa00000, 0x000000070aa00000, 0x000000070ac00000|  0%| F|  |TAMS 0x000000070aa00000, 0x000000070aa00000| Untracked 
|  76|0x000000070ac00000, 0x000000070ac00000, 0x000000070ae00000|  0%| F|  |TAMS 0x000000070ac00000, 0x000000070ac00000| Untracked 
|  77|0x000000070ae00000, 0x000000070ae00000, 0x000000070b000000|  0%| F|  |TAMS 0x000000070ae00000, 0x000000070ae00000| Untracked 
|  78|0x000000070b000000, 0x000000070b000000, 0x000000070b200000|  0%| F|  |TAMS 0x000000070b000000, 0x000000070b000000| Untracked 
|  79|0x000000070b200000, 0x000000070b3a5590, 0x000000070b400000| 82%| S|CS|TAMS 0x000000070b200000, 0x000000070b200000| Complete 
|  80|0x000000070b400000, 0x000000070b600000, 0x000000070b600000|100%| S|CS|TAMS 0x000000070b400000, 0x000000070b400000| Complete 
|  81|0x000000070b600000, 0x000000070b800000, 0x000000070b800000|100%| S|CS|TAMS 0x000000070b600000, 0x000000070b600000| Complete 
|  82|0x000000070b800000, 0x000000070ba00000, 0x000000070ba00000|100%| S|CS|TAMS 0x000000070b800000, 0x000000070b800000| Complete 
|  83|0x000000070ba00000, 0x000000070bc00000, 0x000000070bc00000|100%| S|CS|TAMS 0x000000070ba00000, 0x000000070ba00000| Complete 
|  84|0x000000070bc00000, 0x000000070be00000, 0x000000070be00000|100%| S|CS|TAMS 0x000000070bc00000, 0x000000070bc00000| Complete 
|  85|0x000000070be00000, 0x000000070c000000, 0x000000070c000000|100%| S|CS|TAMS 0x000000070be00000, 0x000000070be00000| Complete 
|  86|0x000000070c000000, 0x000000070c000000, 0x000000070c200000|  0%| F|  |TAMS 0x000000070c000000, 0x000000070c000000| Untracked 
|  87|0x000000070c200000, 0x000000070c200000, 0x000000070c400000|  0%| F|  |TAMS 0x000000070c200000, 0x000000070c200000| Untracked 
|  88|0x000000070c400000, 0x000000070c400000, 0x000000070c600000|  0%| F|  |TAMS 0x000000070c400000, 0x000000070c400000| Untracked 
|  89|0x000000070c600000, 0x000000070c600000, 0x000000070c800000|  0%| F|  |TAMS 0x000000070c600000, 0x000000070c600000| Untracked 
|  90|0x000000070c800000, 0x000000070c800000, 0x000000070ca00000|  0%| F|  |TAMS 0x000000070c800000, 0x000000070c800000| Untracked 
|  91|0x000000070ca00000, 0x000000070ca00000, 0x000000070cc00000|  0%| F|  |TAMS 0x000000070ca00000, 0x000000070ca00000| Untracked 
|  92|0x000000070cc00000, 0x000000070cc00000, 0x000000070ce00000|  0%| F|  |TAMS 0x000000070cc00000, 0x000000070cc00000| Untracked 
|  93|0x000000070ce00000, 0x000000070ce00000, 0x000000070d000000|  0%| F|  |TAMS 0x000000070ce00000, 0x000000070ce00000| Untracked 
|  94|0x000000070d000000, 0x000000070d000000, 0x000000070d200000|  0%| F|  |TAMS 0x000000070d000000, 0x000000070d000000| Untracked 
|  95|0x000000070d200000, 0x000000070d200000, 0x000000070d400000|  0%| F|  |TAMS 0x000000070d200000, 0x000000070d200000| Untracked 
|  96|0x000000070d400000, 0x000000070d400000, 0x000000070d600000|  0%| F|  |TAMS 0x000000070d400000, 0x000000070d400000| Untracked 
|  97|0x000000070d600000, 0x000000070d600000, 0x000000070d800000|  0%| F|  |TAMS 0x000000070d600000, 0x000000070d600000| Untracked 
|  98|0x000000070d800000, 0x000000070d800000, 0x000000070da00000|  0%| F|  |TAMS 0x000000070d800000, 0x000000070d800000| Untracked 
|  99|0x000000070da00000, 0x000000070da00000, 0x000000070dc00000|  0%| F|  |TAMS 0x000000070da00000, 0x000000070da00000| Untracked 
| 100|0x000000070dc00000, 0x000000070dc00000, 0x000000070de00000|  0%| F|  |TAMS 0x000000070dc00000, 0x000000070dc00000| Untracked 
| 101|0x000000070de00000, 0x000000070de00000, 0x000000070e000000|  0%| F|  |TAMS 0x000000070de00000, 0x000000070de00000| Untracked 
| 102|0x000000070e000000, 0x000000070e000000, 0x000000070e200000|  0%| F|  |TAMS 0x000000070e000000, 0x000000070e000000| Untracked 
| 103|0x000000070e200000, 0x000000070e200000, 0x000000070e400000|  0%| F|  |TAMS 0x000000070e200000, 0x000000070e200000| Untracked 
| 104|0x000000070e400000, 0x000000070e400000, 0x000000070e600000|  0%| F|  |TAMS 0x000000070e400000, 0x000000070e400000| Untracked 
| 105|0x000000070e600000, 0x000000070e600000, 0x000000070e800000|  0%| F|  |TAMS 0x000000070e600000, 0x000000070e600000| Untracked 
| 106|0x000000070e800000, 0x000000070e800000, 0x000000070ea00000|  0%| F|  |TAMS 0x000000070e800000, 0x000000070e800000| Untracked 
| 107|0x000000070ea00000, 0x000000070ea00000, 0x000000070ec00000|  0%| F|  |TAMS 0x000000070ea00000, 0x000000070ea00000| Untracked 
| 108|0x000000070ec00000, 0x000000070ec00000, 0x000000070ee00000|  0%| F|  |TAMS 0x000000070ec00000, 0x000000070ec00000| Untracked 
| 109|0x000000070ee00000, 0x000000070ee00000, 0x000000070f000000|  0%| F|  |TAMS 0x000000070ee00000, 0x000000070ee00000| Untracked 
| 110|0x000000070f000000, 0x000000070f000000, 0x000000070f200000|  0%| F|  |TAMS 0x000000070f000000, 0x000000070f000000| Untracked 
| 111|0x000000070f200000, 0x000000070f200000, 0x000000070f400000|  0%| F|  |TAMS 0x000000070f200000, 0x000000070f200000| Untracked 
| 112|0x000000070f400000, 0x000000070f400000, 0x000000070f600000|  0%| F|  |TAMS 0x000000070f400000, 0x000000070f400000| Untracked 
| 113|0x000000070f600000, 0x000000070f600000, 0x000000070f800000|  0%| F|  |TAMS 0x000000070f600000, 0x000000070f600000| Untracked 
| 114|0x000000070f800000, 0x000000070f800000, 0x000000070fa00000|  0%| F|  |TAMS 0x000000070f800000, 0x000000070f800000| Untracked 
| 115|0x000000070fa00000, 0x000000070fa00000, 0x000000070fc00000|  0%| F|  |TAMS 0x000000070fa00000, 0x000000070fa00000| Untracked 
| 116|0x000000070fc00000, 0x000000070fc00000, 0x000000070fe00000|  0%| F|  |TAMS 0x000000070fc00000, 0x000000070fc00000| Untracked 
| 117|0x000000070fe00000, 0x000000070fe00000, 0x0000000710000000|  0%| F|  |TAMS 0x000000070fe00000, 0x000000070fe00000| Untracked 
| 118|0x0000000710000000, 0x0000000710000000, 0x0000000710200000|  0%| F|  |TAMS 0x0000000710000000, 0x0000000710000000| Untracked 
| 119|0x0000000710200000, 0x0000000710200000, 0x0000000710400000|  0%| F|  |TAMS 0x0000000710200000, 0x0000000710200000| Untracked 
| 120|0x0000000710400000, 0x0000000710400000, 0x0000000710600000|  0%| F|  |TAMS 0x0000000710400000, 0x0000000710400000| Untracked 
| 121|0x0000000710600000, 0x0000000710600000, 0x0000000710800000|  0%| F|  |TAMS 0x0000000710600000, 0x0000000710600000| Untracked 
| 122|0x0000000710800000, 0x0000000710800000, 0x0000000710a00000|  0%| F|  |TAMS 0x0000000710800000, 0x0000000710800000| Untracked 
| 123|0x0000000710a00000, 0x0000000710a00000, 0x0000000710c00000|  0%| F|  |TAMS 0x0000000710a00000, 0x0000000710a00000| Untracked 
| 124|0x0000000710c00000, 0x0000000710c00000, 0x0000000710e00000|  0%| F|  |TAMS 0x0000000710c00000, 0x0000000710c00000| Untracked 
| 125|0x0000000710e00000, 0x0000000710e00000, 0x0000000711000000|  0%| F|  |TAMS 0x0000000710e00000, 0x0000000710e00000| Untracked 
| 126|0x0000000711000000, 0x0000000711000000, 0x0000000711200000|  0%| F|  |TAMS 0x0000000711000000, 0x0000000711000000| Untracked 
| 127|0x0000000711200000, 0x0000000711200000, 0x0000000711400000|  0%| F|  |TAMS 0x0000000711200000, 0x0000000711200000| Untracked 
| 128|0x0000000711400000, 0x0000000711400000, 0x0000000711600000|  0%| F|  |TAMS 0x0000000711400000, 0x0000000711400000| Untracked 
| 129|0x0000000711600000, 0x00000007117bb210, 0x0000000711800000| 86%| E|  |TAMS 0x0000000711600000, 0x0000000711600000| Complete 
| 130|0x0000000711800000, 0x0000000711a00000, 0x0000000711a00000|100%| E|CS|TAMS 0x0000000711800000, 0x0000000711800000| Complete 
| 131|0x0000000711a00000, 0x0000000711c00000, 0x0000000711c00000|100%| E|CS|TAMS 0x0000000711a00000, 0x0000000711a00000| Complete 
| 132|0x0000000711c00000, 0x0000000711e00000, 0x0000000711e00000|100%| E|CS|TAMS 0x0000000711c00000, 0x0000000711c00000| Complete 
| 133|0x0000000711e00000, 0x0000000712000000, 0x0000000712000000|100%| E|CS|TAMS 0x0000000711e00000, 0x0000000711e00000| Complete 
| 134|0x0000000712000000, 0x0000000712200000, 0x0000000712200000|100%| E|CS|TAMS 0x0000000712000000, 0x0000000712000000| Complete 
| 135|0x0000000712200000, 0x0000000712400000, 0x0000000712400000|100%| E|CS|TAMS 0x0000000712200000, 0x0000000712200000| Complete 
| 136|0x0000000712400000, 0x0000000712600000, 0x0000000712600000|100%| E|CS|TAMS 0x0000000712400000, 0x0000000712400000| Complete 
| 137|0x0000000712600000, 0x0000000712800000, 0x0000000712800000|100%| E|CS|TAMS 0x0000000712600000, 0x0000000712600000| Complete 
| 138|0x0000000712800000, 0x0000000712a00000, 0x0000000712a00000|100%| E|CS|TAMS 0x0000000712800000, 0x0000000712800000| Complete 
| 139|0x0000000712a00000, 0x0000000712c00000, 0x0000000712c00000|100%| E|CS|TAMS 0x0000000712a00000, 0x0000000712a00000| Complete 
| 140|0x0000000712c00000, 0x0000000712e00000, 0x0000000712e00000|100%| E|CS|TAMS 0x0000000712c00000, 0x0000000712c00000| Complete 
| 141|0x0000000712e00000, 0x0000000713000000, 0x0000000713000000|100%| E|CS|TAMS 0x0000000712e00000, 0x0000000712e00000| Complete 
| 142|0x0000000713000000, 0x0000000713200000, 0x0000000713200000|100%| E|CS|TAMS 0x0000000713000000, 0x0000000713000000| Complete 

Card table byte_map: [0x0000022f9f640000,0x0000022f9fe40000] _byte_map_base: 0x0000022f9be36000

Marking Bits (Prev, Next): (CMBitMap*) 0x0000022f87916da0, (CMBitMap*) 0x0000022f87916d60
 Prev Bits: [0x0000022fa45f0000, 0x0000022fa85a0000)
 Next Bits: [0x0000022fa0640000, 0x0000022fa45f0000)

Polling page: 0x0000022f87060000

Metaspace:

Usage:
  Non-class:     68.99 MB used.
      Class:      8.91 MB used.
       Both:     77.90 MB used.

Virtual space:
  Non-class space:      128.00 MB reserved,      69.50 MB ( 54%) committed,  2 nodes.
      Class space:        1.00 GB reserved,       9.38 MB ( <1%) committed,  1 nodes.
             Both:        1.12 GB reserved,      78.88 MB (  7%) committed. 

Chunk freelists:
   Non-Class:  9.95 MB
       Class:  6.55 MB
        Both:  16.50 MB

MaxMetaspaceSize: unlimited
CompressedClassSpaceSize: 1.00 GB
Initial GC threshold: 21.00 MB
Current GC threshold: 106.06 MB
CDS: off
MetaspaceReclaimPolicy: balanced
 - commit_granule_bytes: 65536.
 - commit_granule_words: 8192.
 - virtual_space_node_default_size: 8388608.
 - enlarge_chunks_in_place: 1.
 - new_chunks_are_fully_committed: 0.
 - uncommit_free_chunks: 1.
 - use_allocation_guard: 0.
 - handle_deallocations: 1.


Internal statistics:

num_allocs_failed_limit: 6.
num_arena_births: 786.
num_arena_deaths: 0.
num_vsnodes_births: 3.
num_vsnodes_deaths: 0.
num_space_committed: 1262.
num_space_uncommitted: 0.
num_chunks_returned_to_freelist: 6.
num_chunks_taken_from_freelist: 2783.
num_chunk_merges: 3.
num_chunk_splits: 1989.
num_chunks_enlarged: 1457.
num_inconsistent_stats: 0.

CodeHeap 'non-profiled nmethods': size=120000Kb used=5080Kb max_used=5080Kb free=114919Kb
 bounds [0x0000022f975e0000, 0x0000022f97ae0000, 0x0000022f9eb10000]
CodeHeap 'profiled nmethods': size=120000Kb used=14309Kb max_used=14309Kb free=105690Kb
 bounds [0x0000022f8fb10000, 0x0000022f90910000, 0x0000022f97040000]
CodeHeap 'non-nmethods': size=5760Kb used=1505Kb max_used=1625Kb free=4254Kb
 bounds [0x0000022f97040000, 0x0000022f972b0000, 0x0000022f975e0000]
 total_blobs=7575 nmethods=6694 adapters=792
 compilation: enabled
              stopped_count=0, restarted_count=0
 full_count=0

Compilation events (20 events):
Event: 13.291 Thread 0x0000022fab0be070 nmethod 7594 0x0000022f90902c90 code [0x0000022f90902e40, 0x0000022f909030c8]
Event: 13.291 Thread 0x0000022fab0be070 7595       3       com.st.microxplorer.altova.db.IP_Modes.ParameterType$MemberElement_Condition::count (12 bytes)
Event: 13.291 Thread 0x0000022fab0be070 nmethod 7595 0x0000022f90903210 code [0x0000022f909033c0, 0x0000022f909035a8]
Event: 13.291 Thread 0x0000022fab0be070 7596       3       com.st.microxplorer.altova.db.IP_Modes.ParameterType$MemberAttribute_Group::exists (20 bytes)
Event: 13.291 Thread 0x0000022fab0be070 nmethod 7596 0x0000022f90903690 code [0x0000022f90903840, 0x0000022f90903a68]
Event: 13.291 Thread 0x0000022fab0be070 7598       3       com.st.microxplorer.altova.db.IP_Modes.ParameterType::instantiateMembers (188 bytes)
Event: 13.302 Thread 0x0000022fb455cd00 nmethod 7567 0x0000022f97ac4c10 code [0x0000022f97ac4dc0, 0x0000022f97ac5028]
Event: 13.302 Thread 0x0000022fb455cd00 7599 %     4       com.st.microxplorer.mcu.IP::getParameter @ 337 (536 bytes)
Event: 13.302 Thread 0x0000022fab0be070 nmethod 7598 0x0000022f90903b90 code [0x0000022f90903ee0, 0x0000022f90905b18]
Event: 13.302 Thread 0x0000022fab0be070 7597       3       com.st.microxplorer.altova.db.IP_Modes.ParameterType$MemberAttribute_TabName::exists (20 bytes)
Event: 13.303 Thread 0x0000022fab0be070 nmethod 7597 0x0000022f90906390 code [0x0000022f90906540, 0x0000022f90906768]
Event: 13.338 Thread 0x0000022fab0be070 7600       3       org.apache.xerces.dom.CoreDocumentImpl::getXmlVersion (17 bytes)
Event: 13.339 Thread 0x0000022fab0be070 nmethod 7600 0x0000022f90906890 code [0x0000022f90906a20, 0x0000022f90906b98]
Event: 13.341 Thread 0x0000022fab0be070 7601       3       java.util.LinkedHashMap::keysToArray (38 bytes)
Event: 13.342 Thread 0x0000022fab0be070 nmethod 7601 0x0000022f90906c10 code [0x0000022f90906dc0, 0x0000022f90907158]
Event: 13.356 Thread 0x0000022fab0be070 7602       3       org.apache.xerces.impl.XMLEntityScanner::scanLiteral (758 bytes)
Event: 13.358 Thread 0x0000022fab0be070 nmethod 7602 0x0000022f90907290 code [0x0000022f90907540, 0x0000022f90908898]
Event: 13.358 Thread 0x0000022fab0be070 7603 %     3       org.apache.xerces.impl.XMLScanner::normalizeWhitespace @ 15 (50 bytes)
Event: 13.358 Thread 0x0000022fab0be070 nmethod 7603% 0x0000022f90908f10 code [0x0000022f909090c0, 0x0000022f90909358]
Event: 13.358 Thread 0x0000022fab0be070 7605       3       org.apache.xerces.impl.XMLScanner::scanAttributeValue (996 bytes)

GC Heap History (20 events):
Event: 7.385 GC heap before
{Heap before GC invocations=15 (full 0):
 garbage-first heap   total 122880K, used 100508K [0x0000000701400000, 0x0000000800000000)
  region size 2048K, 23 young (47104K), 2 survivors (4096K)
 Metaspace       used 64229K, committed 65152K, reserved 1114112K
  class space    used 7406K, committed 7808K, reserved 1048576K
}
Event: 7.390 GC heap after
{Heap after GC invocations=16 (full 0):
 garbage-first heap   total 122880K, used 64117K [0x0000000701400000, 0x0000000800000000)
  region size 2048K, 3 young (6144K), 3 survivors (6144K)
 Metaspace       used 64229K, committed 65152K, reserved 1114112K
  class space    used 7406K, committed 7808K, reserved 1048576K
}
Event: 8.150 GC heap before
{Heap before GC invocations=16 (full 0):
 garbage-first heap   total 122880K, used 86645K [0x0000000701400000, 0x0000000800000000)
  region size 2048K, 9 young (18432K), 3 survivors (6144K)
 Metaspace       used 64244K, committed 65152K, reserved 1114112K
  class space    used 7408K, committed 7808K, reserved 1048576K
}
Event: 8.154 GC heap after
{Heap after GC invocations=17 (full 0):
 garbage-first heap   total 122880K, used 77452K [0x0000000701400000, 0x0000000800000000)
  region size 2048K, 1 young (2048K), 1 survivors (2048K)
 Metaspace       used 64244K, committed 65152K, reserved 1114112K
  class space    used 7408K, committed 7808K, reserved 1048576K
}
Event: 8.521 GC heap before
{Heap before GC invocations=18 (full 0):
 garbage-first heap   total 147456K, used 114316K [0x0000000701400000, 0x0000000800000000)
  region size 2048K, 12 young (24576K), 1 survivors (2048K)
 Metaspace       used 65040K, committed 65984K, reserved 1114112K
  class space    used 7543K, committed 8000K, reserved 1048576K
}
Event: 8.523 GC heap after
{Heap after GC invocations=19 (full 0):
 garbage-first heap   total 147456K, used 94452K [0x0000000701400000, 0x0000000800000000)
  region size 2048K, 1 young (2048K), 1 survivors (2048K)
 Metaspace       used 65040K, committed 65984K, reserved 1114112K
  class space    used 7543K, committed 8000K, reserved 1048576K
}
Event: 9.963 GC heap before
{Heap before GC invocations=19 (full 0):
 garbage-first heap   total 147456K, used 121076K [0x0000000701400000, 0x0000000800000000)
  region size 2048K, 14 young (28672K), 1 survivors (2048K)
 Metaspace       used 68397K, committed 69376K, reserved 1114112K
  class space    used 7898K, committed 8384K, reserved 1048576K
}
Event: 9.966 GC heap after
{Heap after GC invocations=20 (full 0):
 garbage-first heap   total 147456K, used 95831K [0x0000000701400000, 0x0000000800000000)
  region size 2048K, 2 young (4096K), 2 survivors (4096K)
 Metaspace       used 68397K, committed 69376K, reserved 1114112K
  class space    used 7898K, committed 8384K, reserved 1048576K
}
Event: 10.087 GC heap before
{Heap before GC invocations=20 (full 0):
 garbage-first heap   total 147456K, used 120407K [0x0000000701400000, 0x0000000800000000)
  region size 2048K, 14 young (28672K), 2 survivors (4096K)
 Metaspace       used 68507K, committed 69504K, reserved 1114112K
  class space    used 7899K, committed 8384K, reserved 1048576K
}
Event: 10.090 GC heap after
{Heap after GC invocations=21 (full 0):
 garbage-first heap   total 147456K, used 97642K [0x0000000701400000, 0x0000000800000000)
  region size 2048K, 2 young (4096K), 2 survivors (4096K)
 Metaspace       used 68507K, committed 69504K, reserved 1114112K
  class space    used 7899K, committed 8384K, reserved 1048576K
}
Event: 10.234 GC heap before
{Heap before GC invocations=21 (full 0):
 garbage-first heap   total 147456K, used 122218K [0x0000000701400000, 0x0000000800000000)
  region size 2048K, 14 young (28672K), 2 survivors (4096K)
 Metaspace       used 68530K, committed 69504K, reserved 1114112K
  class space    used 7899K, committed 8384K, reserved 1048576K
}
Event: 10.244 GC heap after
{Heap after GC invocations=22 (full 0):
 garbage-first heap   total 292864K, used 109157K [0x0000000701400000, 0x0000000800000000)
  region size 2048K, 2 young (4096K), 2 survivors (4096K)
 Metaspace       used 68530K, committed 69504K, reserved 1114112K
  class space    used 7899K, committed 8384K, reserved 1048576K
}
Event: 10.687 GC heap before
{Heap before GC invocations=22 (full 0):
 garbage-first heap   total 292864K, used 215653K [0x0000000701400000, 0x0000000800000000)
  region size 2048K, 54 young (110592K), 2 survivors (4096K)
 Metaspace       used 68558K, committed 69568K, reserved 1114112K
  class space    used 7899K, committed 8384K, reserved 1048576K
}
Event: 10.708 GC heap after
{Heap after GC invocations=23 (full 0):
 garbage-first heap   total 292864K, used 125140K [0x0000000701400000, 0x0000000800000000)
  region size 2048K, 7 young (14336K), 7 survivors (14336K)
 Metaspace       used 68558K, committed 69568K, reserved 1114112K
  class space    used 7899K, committed 8384K, reserved 1048576K
}
Event: 11.331 GC heap before
{Heap before GC invocations=23 (full 0):
 garbage-first heap   total 292864K, used 221396K [0x0000000701400000, 0x0000000800000000)
  region size 2048K, 54 young (110592K), 7 survivors (14336K)
 Metaspace       used 69030K, committed 69952K, reserved 1114112K
  class space    used 7956K, committed 8384K, reserved 1048576K
}
Event: 11.337 GC heap after
{Heap after GC invocations=24 (full 0):
 garbage-first heap   total 292864K, used 119961K [0x0000000701400000, 0x0000000800000000)
  region size 2048K, 2 young (4096K), 2 survivors (4096K)
 Metaspace       used 69030K, committed 69952K, reserved 1114112K
  class space    used 7956K, committed 8384K, reserved 1048576K
}
Event: 12.259 GC heap before
{Heap before GC invocations=24 (full 0):
 garbage-first heap   total 292864K, used 226457K [0x0000000701400000, 0x0000000800000000)
  region size 2048K, 54 young (110592K), 2 survivors (4096K)
 Metaspace       used 72023K, committed 73024K, reserved 1114112K
  class space    used 8291K, committed 8768K, reserved 1048576K
}
Event: 12.261 GC heap after
{Heap after GC invocations=25 (full 0):
 garbage-first heap   total 292864K, used 121999K [0x0000000701400000, 0x0000000800000000)
  region size 2048K, 3 young (6144K), 3 survivors (6144K)
 Metaspace       used 72023K, committed 73024K, reserved 1114112K
  class space    used 8291K, committed 8768K, reserved 1048576K
}
Event: 13.292 GC heap before
{Heap before GC invocations=25 (full 0):
 garbage-first heap   total 292864K, used 244879K [0x0000000701400000, 0x0000000800000000)
  region size 2048K, 57 young (116736K), 3 survivors (6144K)
 Metaspace       used 79554K, committed 80512K, reserved 1179648K
  class space    used 9088K, committed 9536K, reserved 1048576K
}
Event: 13.302 GC heap after
{Heap after GC invocations=26 (full 0):
 garbage-first heap   total 292864K, used 145343K [0x0000000701400000, 0x0000000800000000)
  region size 2048K, 7 young (14336K), 7 survivors (14336K)
 Metaspace       used 79554K, committed 80512K, reserved 1179648K
  class space    used 9088K, committed 9536K, reserved 1048576K
}

Dll operation events (18 events):
Event: 0.027 Loaded shared library C:\ST\STM32CubeMX_6.12.0\jre\bin\java.dll
Event: 0.130 Loaded shared library C:\ST\STM32CubeMX_6.12.0\jre\bin\jsvml.dll
Event: 0.259 Loaded shared library C:\ST\STM32CubeMX_6.12.0\jre\bin\net.dll
Event: 0.262 Loaded shared library C:\ST\STM32CubeMX_6.12.0\jre\bin\nio.dll
Event: 0.304 Loaded shared library C:\ST\STM32CubeMX_6.12.0\jre\bin\zip.dll
Event: 0.360 Loaded shared library C:\ST\STM32CubeMX_6.12.0\jre\bin\jimage.dll
Event: 0.663 Loaded shared library C:\ST\STM32CubeMX_6.12.0\jre\bin\management.dll
Event: 0.672 Loaded shared library C:\ST\STM32CubeMX_6.12.0\jre\bin\management_ext.dll
Event: 1.234 Loaded shared library C:\ST\STM32CubeMX_6.12.0\jre\bin\awt.dll
Event: 1.630 Loaded shared library C:\ST\STM32CubeMX_6.12.0\jre\bin\freetype.dll
Event: 1.634 Loaded shared library C:\ST\STM32CubeMX_6.12.0\jre\bin\fontmanager.dll
Event: 1.835 Loaded shared library C:\ST\STM32CubeMX_6.12.0\jre\bin\verify.dll
Event: 1.940 Loaded shared library C:\ST\STM32CubeMX_6.12.0\jre\bin\prefs.dll
Event: 5.211 Loaded shared library C:\ST\STM32CubeMX_6.12.0\jre\bin\sunmscapi.dll
Event: 5.513 Loaded shared library C:\ST\STM32CubeMX_6.12.0\jre\bin\extnet.dll
Event: 7.344 Loaded shared library C:\ST\STM32CubeMX_6.12.0\jre\bin\javajpeg.dll
Event: 10.905 Loaded shared library C:\Users\tgspo\.stm32cubemx\.jxbrowser-7.38.2\Chromium\toolkit64.dll
Event: 11.411 Loaded shared library C:\Users\tgspo\.stm32cubemx\.jxbrowser-7.38.2\Chromium\ipc64.dll

Deoptimization events (20 events):
Event: 13.219 Thread 0x0000022fb0ce2d90 Uncommon trap: trap_request=0xffffffde fr.pc=0x0000022f9763b680 relative=0x0000000000000c20
Event: 13.219 Thread 0x0000022fb0ce2d90 Uncommon trap: reason=class_check action=maybe_recompile pc=0x0000022f9763b680 method=javax.swing.RepaintManager.addDirtyRegion0(Ljava/awt/Container;IIII)V @ 91 c2
Event: 13.219 Thread 0x0000022fb0ce2d90 DEOPT PACKING pc=0x0000022f9763b680 sp=0x000000626c3feab0
Event: 13.219 Thread 0x0000022fb0ce2d90 DEOPT UNPACKING pc=0x0000022f970969a3 sp=0x000000626c3fe938 mode 2
Event: 13.356 Thread 0x0000022fb0ce2d90 Uncommon trap: trap_request=0xffffff45 fr.pc=0x0000022f97831410 relative=0x00000000000006b0
Event: 13.356 Thread 0x0000022fb0ce2d90 Uncommon trap: reason=unstable_if action=reinterpret pc=0x0000022f97831410 method=org.apache.xerces.impl.XMLEntityScanner.scanLiteral(ILorg/apache/xerces/xni/XMLString;)I @ 137 c2
Event: 13.356 Thread 0x0000022fb0ce2d90 DEOPT PACKING pc=0x0000022f97831410 sp=0x000000626c3fe680
Event: 13.356 Thread 0x0000022fb0ce2d90 DEOPT UNPACKING pc=0x0000022f970969a3 sp=0x000000626c3fe608 mode 2
Event: 13.356 Thread 0x0000022fb0ce2d90 Uncommon trap: trap_request=0xffffff45 fr.pc=0x0000022f97947860 relative=0x0000000000002780
Event: 13.356 Thread 0x0000022fb0ce2d90 Uncommon trap: reason=unstable_if action=reinterpret pc=0x0000022f97947860 method=org.apache.xerces.impl.XMLScanner.normalizeWhitespace(Lorg/apache/xerces/xni/XMLString;I)V @ 37 c2
Event: 13.356 Thread 0x0000022fb0ce2d90 DEOPT PACKING pc=0x0000022f97947860 sp=0x000000626c3fe6e0
Event: 13.356 Thread 0x0000022fb0ce2d90 DEOPT UNPACKING pc=0x0000022f970969a3 sp=0x000000626c3fe628 mode 2
Event: 13.356 Thread 0x0000022fb0ce2d90 Uncommon trap: trap_request=0xffffff45 fr.pc=0x0000022f97774b30 relative=0x0000000000000110
Event: 13.356 Thread 0x0000022fb0ce2d90 Uncommon trap: reason=unstable_if action=reinterpret pc=0x0000022f97774b30 method=org.apache.xerces.impl.XMLEntityScanner.scanChar()I @ 58 c2
Event: 13.356 Thread 0x0000022fb0ce2d90 DEOPT PACKING pc=0x0000022f97774b30 sp=0x000000626c3fe6b0
Event: 13.356 Thread 0x0000022fb0ce2d90 DEOPT UNPACKING pc=0x0000022f970969a3 sp=0x000000626c3fe638 mode 2
Event: 13.356 Thread 0x0000022fb0ce2d90 Uncommon trap: trap_request=0xffffff45 fr.pc=0x0000022f97831e8c relative=0x000000000000018c
Event: 13.356 Thread 0x0000022fb0ce2d90 Uncommon trap: reason=unstable_if action=reinterpret pc=0x0000022f97831e8c method=org.apache.xerces.impl.XMLScanner.normalizeWhitespace(Lorg/apache/xerces/xni/XMLString;)V @ 32 c2
Event: 13.356 Thread 0x0000022fb0ce2d90 DEOPT PACKING pc=0x0000022f97831e8c sp=0x000000626c3fe6a0
Event: 13.356 Thread 0x0000022fb0ce2d90 DEOPT UNPACKING pc=0x0000022f970969a3 sp=0x000000626c3fe620 mode 2

Classes unloaded (0 events):
No events

Classes redefined (0 events):
No events

Internal exceptions (20 events):
Event: 13.201 Thread 0x0000022fb0ce2d90 Implicit null exception at 0x0000022f908b6440 to 0x0000022f908b6fe8
Event: 13.201 Thread 0x0000022fb0ce2d90 Exception <a 'java/lang/NullPointerException'{0x000000070ddff168}> (0x000000070ddff168) 
thrown [s\src\hotspot\share\runtime\sharedRuntime.cpp, line 631]
Event: 13.202 Thread 0x0000022fb0ce2d90 Implicit null exception at 0x0000022f908b6440 to 0x0000022f908b6fe8
Event: 13.202 Thread 0x0000022fb0ce2d90 Exception <a 'java/lang/NullPointerException'{0x000000070ddff460}> (0x000000070ddff460) 
thrown [s\src\hotspot\share\runtime\sharedRuntime.cpp, line 631]
Event: 13.202 Thread 0x0000022fb0ce2d90 Implicit null exception at 0x0000022f908b6440 to 0x0000022f908b6fe8
Event: 13.202 Thread 0x0000022fb0ce2d90 Exception <a 'java/lang/NullPointerException'{0x000000070db23940}> (0x000000070db23940) 
thrown [s\src\hotspot\share\runtime\sharedRuntime.cpp, line 631]
Event: 13.202 Thread 0x0000022fb0ce2d90 Implicit null exception at 0x0000022f908b6440 to 0x0000022f908b6fe8
Event: 13.202 Thread 0x0000022fb0ce2d90 Exception <a 'java/lang/NullPointerException'{0x000000070db23c38}> (0x000000070db23c38) 
thrown [s\src\hotspot\share\runtime\sharedRuntime.cpp, line 631]
Event: 13.203 Thread 0x0000022fb0ce2d90 Implicit null exception at 0x0000022f908b6440 to 0x0000022f908b6fe8
Event: 13.203 Thread 0x0000022fb0ce2d90 Exception <a 'java/lang/NullPointerException'{0x000000070db25230}> (0x000000070db25230) 
thrown [s\src\hotspot\share\runtime\sharedRuntime.cpp, line 631]
Event: 13.203 Thread 0x0000022fb0ce2d90 Implicit null exception at 0x0000022f908b6440 to 0x0000022f908b6fe8
Event: 13.203 Thread 0x0000022fb0ce2d90 Exception <a 'java/lang/NullPointerException'{0x000000070db25528}> (0x000000070db25528) 
thrown [s\src\hotspot\share\runtime\sharedRuntime.cpp, line 631]
Event: 13.203 Thread 0x0000022fb0ce2d90 Implicit null exception at 0x0000022f908b6440 to 0x0000022f908b6fe8
Event: 13.203 Thread 0x0000022fb0ce2d90 Exception <a 'java/lang/NullPointerException'{0x000000070db26948}> (0x000000070db26948) 
thrown [s\src\hotspot\share\runtime\sharedRuntime.cpp, line 631]
Event: 13.203 Thread 0x0000022fb0ce2d90 Implicit null exception at 0x0000022f908b6440 to 0x0000022f908b6fe8
Event: 13.203 Thread 0x0000022fb0ce2d90 Exception <a 'java/lang/NullPointerException'{0x000000070db26c40}> (0x000000070db26c40) 
thrown [s\src\hotspot\share\runtime\sharedRuntime.cpp, line 631]
Event: 13.203 Thread 0x0000022fb0ce2d90 Implicit null exception at 0x0000022f908b6440 to 0x0000022f908b6fe8
Event: 13.203 Thread 0x0000022fb0ce2d90 Exception <a 'java/lang/NullPointerException'{0x000000070db27f50}> (0x000000070db27f50) 
thrown [s\src\hotspot\share\runtime\sharedRuntime.cpp, line 631]
Event: 13.203 Thread 0x0000022fb0ce2d90 Implicit null exception at 0x0000022f908b6440 to 0x0000022f908b6fe8
Event: 13.203 Thread 0x0000022fb0ce2d90 Exception <a 'java/lang/NullPointerException'{0x000000070db28248}> (0x000000070db28248) 
thrown [s\src\hotspot\share\runtime\sharedRuntime.cpp, line 631]

VM Operations (20 events):
Event: 11.348 Executing VM operation: HandshakeAllThreads
Event: 11.348 Executing VM operation: HandshakeAllThreads done
Event: 11.793 Executing VM operation: ICBufferFull
Event: 11.793 Executing VM operation: ICBufferFull done
Event: 12.259 Executing VM operation: G1CollectForAllocation
Event: 12.261 Executing VM operation: G1CollectForAllocation done
Event: 12.462 Executing VM operation: HandshakeAllThreads
Event: 12.463 Executing VM operation: HandshakeAllThreads done
Event: 12.489 Executing VM operation: ICBufferFull
Event: 12.490 Executing VM operation: ICBufferFull done
Event: 12.570 Executing VM operation: HandshakeAllThreads
Event: 12.570 Executing VM operation: HandshakeAllThreads done
Event: 12.712 Executing VM operation: HandshakeAllThreads
Event: 12.712 Executing VM operation: HandshakeAllThreads done
Event: 12.732 Executing VM operation: HandshakeAllThreads
Event: 12.733 Executing VM operation: HandshakeAllThreads done
Event: 13.073 Executing VM operation: ICBufferFull
Event: 13.073 Executing VM operation: ICBufferFull done
Event: 13.291 Executing VM operation: G1CollectForAllocation
Event: 13.302 Executing VM operation: G1CollectForAllocation done

Events (20 events):
Event: 13.227 Thread 0x0000022fb0ce6a50 Thread added: 0x0000022fb0ce6a50
Event: 13.227 Thread 0x0000022fb0ce6a50 Thread exited: 0x0000022fb0ce6a50
Event: 13.228 Thread 0x0000022fb0cea710 Thread added: 0x0000022fb0cea710
Event: 13.228 Thread 0x0000022fb0cea710 Thread exited: 0x0000022fb0cea710
Event: 13.234 Thread 0x0000022fb0ce7e90 Thread added: 0x0000022fb0ce7e90
Event: 13.235 Thread 0x0000022fb06124a0 Thread exited: 0x0000022fb06124a0
Event: 13.235 Thread 0x0000022fb0ce7e90 Thread exited: 0x0000022fb0ce7e90
Event: 13.235 Thread 0x0000022fb0ce8dc0 Thread added: 0x0000022fb0ce8dc0
Event: 13.235 Thread 0x0000022fb0ce8dc0 Thread exited: 0x0000022fb0ce8dc0
Event: 13.257 Thread 0x0000022fb0ce5610 Thread added: 0x0000022fb0ce5610
Event: 13.258 Thread 0x0000022fb0ce5610 Thread exited: 0x0000022fb0ce5610
Event: 13.258 Thread 0x0000022fb0ce32a0 Thread added: 0x0000022fb0ce32a0
Event: 13.258 Thread 0x0000022fb0ce32a0 Thread exited: 0x0000022fb0ce32a0
Event: 13.340 Thread 0x0000022fb0ce4bf0 Thread added: 0x0000022fb0ce4bf0
Event: 13.340 Thread 0x0000022fb0ce4bf0 Thread exited: 0x0000022fb0ce4bf0
Event: 13.340 Thread 0x0000022fb0ce83a0 Thread added: 0x0000022fb0ce83a0
Event: 13.341 Thread 0x0000022fb0ce83a0 Thread exited: 0x0000022fb0ce83a0
Event: 13.361 Thread 0x0000022fb0ce8dc0 Thread added: 0x0000022fb0ce8dc0
Event: 13.362 Thread 0x0000022fb0ce8dc0 Thread exited: 0x0000022fb0ce8dc0
Event: 13.362 Thread 0x0000022fb0ce4bf0 Thread added: 0x0000022fb0ce4bf0


Dynamic libraries:
0x00007ff7a6ee0000 - 0x00007ff7a6eee000 	C:\ST\STM32CubeMX_6.12.0\jre\bin\javaw.exe
0x00007ffd863b0000 - 0x00007ffd865a8000 	C:\Windows\SYSTEM32\ntdll.dll
0x00007ffd84c30000 - 0x00007ffd84cf2000 	C:\Windows\System32\KERNEL32.DLL
0x00007ffd840a0000 - 0x00007ffd8439f000 	C:\Windows\System32\KERNELBASE.dll
0x00007ffd7f860000 - 0x00007ffd7f8f4000 	C:\Windows\SYSTEM32\apphelp.dll
0x00007ffd83ee0000 - 0x00007ffd83fe0000 	C:\Windows\System32\ucrtbase.dll
0x00007ffd759d0000 - 0x00007ffd759eb000 	C:\ST\STM32CubeMX_6.12.0\jre\bin\VCRUNTIME140.dll
0x00007ffd67b60000 - 0x00007ffd67b77000 	C:\ST\STM32CubeMX_6.12.0\jre\bin\jli.dll
0x00007ffd86120000 - 0x00007ffd862bd000 	C:\Windows\System32\USER32.dll
0x00007ffd83ad0000 - 0x00007ffd83af2000 	C:\Windows\System32\win32u.dll
0x00007ffd6eb70000 - 0x00007ffd6ee0a000 	C:\Windows\WinSxS\amd64_microsoft.windows.common-controls_6595b64144ccf1df_6.0.19041.4355_none_60b8b9eb71f62e16\COMCTL32.dll
0x00007ffd859b0000 - 0x00007ffd859db000 	C:\Windows\System32\GDI32.dll
0x00007ffd85ce0000 - 0x00007ffd85d7e000 	C:\Windows\System32\msvcrt.dll
0x00007ffd83b90000 - 0x00007ffd83caa000 	C:\Windows\System32\gdi32full.dll
0x00007ffd83cb0000 - 0x00007ffd83d4d000 	C:\Windows\System32\msvcp_win.dll
0x00007ffd85aa0000 - 0x00007ffd85acf000 	C:\Windows\System32\IMM32.DLL
0x00007ffd7c8b0000 - 0x00007ffd7c8bc000 	C:\ST\STM32CubeMX_6.12.0\jre\bin\vcruntime140_1.dll
0x00007ffce9990000 - 0x00007ffce9a1d000 	C:\ST\STM32CubeMX_6.12.0\jre\bin\msvcp140.dll
0x00007ffca9e80000 - 0x00007ffcaaae2000 	C:\ST\STM32CubeMX_6.12.0\jre\bin\server\jvm.dll
0x00007ffd854a0000 - 0x00007ffd8554f000 	C:\Windows\System32\ADVAPI32.dll
0x00007ffd85c40000 - 0x00007ffd85cdf000 	C:\Windows\System32\sechost.dll
0x00007ffd85f30000 - 0x00007ffd86053000 	C:\Windows\System32\RPCRT4.dll
0x00007ffd83d50000 - 0x00007ffd83d77000 	C:\Windows\System32\bcrypt.dll
0x00007ffd82fb0000 - 0x00007ffd82ffb000 	C:\Windows\SYSTEM32\POWRPROF.dll
0x00007ffd733f0000 - 0x00007ffd73417000 	C:\Windows\SYSTEM32\WINMM.dll
0x00007ffd7b200000 - 0x00007ffd7b20a000 	C:\Windows\SYSTEM32\VERSION.dll
0x00007ffd6fa60000 - 0x00007ffd6fa69000 	C:\Windows\SYSTEM32\WSOCK32.dll
0x00007ffd85b40000 - 0x00007ffd85bab000 	C:\Windows\System32\WS2_32.dll
0x00007ffd82e20000 - 0x00007ffd82e32000 	C:\Windows\SYSTEM32\UMPDC.dll
0x00007ffd82240000 - 0x00007ffd82252000 	C:\Windows\SYSTEM32\kernel.appcore.dll
0x00007ffd6f120000 - 0x00007ffd6f12a000 	C:\ST\STM32CubeMX_6.12.0\jre\bin\jimage.dll
0x00007ffd81ec0000 - 0x00007ffd820a4000 	C:\Windows\SYSTEM32\DBGHELP.DLL
0x00007ffd76ef0000 - 0x00007ffd76f24000 	C:\Windows\SYSTEM32\dbgcore.DLL
0x00007ffd83b00000 - 0x00007ffd83b82000 	C:\Windows\System32\bcryptPrimitives.dll
0x00007ffd3ac90000 - 0x00007ffd3acb5000 	C:\ST\STM32CubeMX_6.12.0\jre\bin\java.dll
0x00007ffcdd1f0000 - 0x00007ffcdd2c7000 	C:\ST\STM32CubeMX_6.12.0\jre\bin\jsvml.dll
0x00007ffd843a0000 - 0x00007ffd84b0d000 	C:\Windows\System32\SHELL32.dll
0x00007ffd81650000 - 0x00007ffd81df4000 	C:\Windows\SYSTEM32\windows.storage.dll
0x00007ffd85650000 - 0x00007ffd859a5000 	C:\Windows\System32\combase.dll
0x00007ffd83450000 - 0x00007ffd8347f000 	C:\Windows\SYSTEM32\Wldp.dll
0x00007ffd853d0000 - 0x00007ffd8549d000 	C:\Windows\System32\OLEAUT32.dll
0x00007ffd859f0000 - 0x00007ffd85a9d000 	C:\Windows\System32\SHCORE.dll
0x00007ffd85ae0000 - 0x00007ffd85b35000 	C:\Windows\System32\shlwapi.dll
0x00007ffd83950000 - 0x00007ffd83974000 	C:\Windows\SYSTEM32\profapi.dll
0x00007ffd62100000 - 0x00007ffd62119000 	C:\ST\STM32CubeMX_6.12.0\jre\bin\net.dll
0x00007ffd7f6b0000 - 0x00007ffd7f7ba000 	C:\Windows\SYSTEM32\WINHTTP.dll
0x00007ffd831b0000 - 0x00007ffd8321c000 	C:\Windows\system32\mswsock.dll
0x00007ffd60330000 - 0x00007ffd60346000 	C:\ST\STM32CubeMX_6.12.0\jre\bin\nio.dll
0x00007ffd3d700000 - 0x00007ffd3d718000 	C:\ST\STM32CubeMX_6.12.0\jre\bin\zip.dll
0x00007ffd6f020000 - 0x00007ffd6f029000 	C:\ST\STM32CubeMX_6.12.0\jre\bin\management.dll
0x00007ffd6d4b0000 - 0x00007ffd6d4bb000 	C:\ST\STM32CubeMX_6.12.0\jre\bin\management_ext.dll
0x00007ffd853c0000 - 0x00007ffd853c8000 	C:\Windows\System32\PSAPI.DLL
0x00007ffd6aa50000 - 0x00007ffd6aa67000 	C:\Windows\system32\napinsp.dll
0x00007ffd6aa10000 - 0x00007ffd6aa2b000 	C:\Windows\system32\pnrpnsp.dll
0x00007ffd7fa10000 - 0x00007ffd7fa25000 	C:\Windows\system32\wshbth.dll
0x00007ffd7f7c0000 - 0x00007ffd7f7dd000 	C:\Windows\system32\NLAapi.dll
0x00007ffd82e40000 - 0x00007ffd82e7b000 	C:\Windows\SYSTEM32\IPHLPAPI.DLL
0x00007ffd82e80000 - 0x00007ffd82f4a000 	C:\Windows\SYSTEM32\DNSAPI.dll
0x00007ffd859e0000 - 0x00007ffd859e8000 	C:\Windows\System32\NSI.dll
0x00007ffd6a440000 - 0x00007ffd6a452000 	C:\Windows\System32\winrnr.dll
0x00007ffd7b210000 - 0x00007ffd7b21a000 	C:\Windows\System32\rasadhlp.dll
0x00007ffd76f60000 - 0x00007ffd76fe0000 	C:\Windows\System32\fwpuclnt.dll
0x00007ffcda880000 - 0x00007ffcdaa10000 	C:\ST\STM32CubeMX_6.12.0\jre\bin\awt.dll
0x00007ffd833a0000 - 0x00007ffd833b8000 	C:\Windows\SYSTEM32\CRYPTSP.dll
0x00007ffd82a60000 - 0x00007ffd82a94000 	C:\Windows\system32\rsaenh.dll
0x00007ffd83910000 - 0x00007ffd8393e000 	C:\Windows\SYSTEM32\USERENV.dll
0x00007ffd833c0000 - 0x00007ffd833cc000 	C:\Windows\SYSTEM32\CRYPTBASE.dll
0x00007ffd7c340000 - 0x00007ffd7c357000 	C:\Windows\SYSTEM32\dhcpcsvc6.DLL
0x00007ffd7b6e0000 - 0x00007ffd7b6fd000 	C:\Windows\SYSTEM32\dhcpcsvc.DLL
0x00007ffd80e40000 - 0x00007ffd80ede000 	C:\Windows\system32\uxtheme.dll
0x00007ffd84b10000 - 0x00007ffd84c25000 	C:\Windows\System32\MSCTF.dll
0x00007ffd84d00000 - 0x00007ffd84e2b000 	C:\Windows\System32\ole32.dll
0x00007ffd81050000 - 0x00007ffd8107f000 	C:\Windows\system32\DWMAPI.DLL
0x00007ffd257e0000 - 0x00007ffd25908000 	C:\Windows\system32\opengl32.dll
0x00007ffd63d40000 - 0x00007ffd63d6c000 	C:\Windows\SYSTEM32\GLU32.dll
0x00007ffcdd160000 - 0x00007ffcdd1e7000 	C:\ST\STM32CubeMX_6.12.0\jre\bin\freetype.dll
0x00007ffcdc0e0000 - 0x00007ffcdc1c2000 	C:\ST\STM32CubeMX_6.12.0\jre\bin\fontmanager.dll
0x00007ffd6bfb0000 - 0x00007ffd6bfc0000 	C:\ST\STM32CubeMX_6.12.0\jre\bin\verify.dll
0x00007ffd6b420000 - 0x00007ffd6b429000 	C:\ST\STM32CubeMX_6.12.0\jre\bin\prefs.dll
0x00007ffd69510000 - 0x00007ffd6951e000 	C:\ST\STM32CubeMX_6.12.0\jre\bin\sunmscapi.dll
0x00007ffd83d80000 - 0x00007ffd83edc000 	C:\Windows\System32\CRYPT32.dll
0x00007ffd834c0000 - 0x00007ffd834e7000 	C:\Windows\SYSTEM32\ncrypt.dll
0x00007ffd83480000 - 0x00007ffd834bb000 	C:\Windows\SYSTEM32\NTASN1.dll
0x00007ffd835e0000 - 0x00007ffd835f2000 	C:\Windows\SYSTEM32\MSASN1.dll
0x00007ffd82260000 - 0x00007ffd82283000 	C:\Windows\SYSTEM32\gpapi.dll
0x00007ffd69410000 - 0x00007ffd69419000 	C:\ST\STM32CubeMX_6.12.0\jre\bin\extnet.dll
0x00007ffd3a290000 - 0x00007ffd3a2bd000 	C:\ST\STM32CubeMX_6.12.0\jre\bin\javajpeg.dll
0x00007ffd852b0000 - 0x00007ffd85359000 	C:\Windows\System32\clbcatq.dll
0x00007ffd80c50000 - 0x00007ffd80e04000 	C:\Windows\SYSTEM32\WindowsCodecs.dll
0x00007ffd3e310000 - 0x00007ffd3e34e000 	C:\Windows\system32\dataexchange.dll
0x00007ffd7daa0000 - 0x00007ffd7dc84000 	C:\Windows\system32\dcomp.dll
0x00007ffd7e8e0000 - 0x00007ffd7eb43000 	C:\Windows\system32\d3d11.dll
0x00007ffd822b0000 - 0x00007ffd823a6000 	C:\Windows\system32\dxgi.dll
0x00007ffd7b880000 - 0x00007ffd7ba83000 	C:\Windows\system32\twinapi.appcore.dll
0x00007ffd628a0000 - 0x00007ffd62999000 	C:\Windows\SYSTEM32\textinputframework.dll
0x00007ffd7cd20000 - 0x00007ffd7d07b000 	C:\Windows\System32\CoreUIComponents.dll
0x00007ffd7e010000 - 0x00007ffd7e102000 	C:\Windows\System32\CoreMessaging.dll
0x00007ffd82cb0000 - 0x00007ffd82ce3000 	C:\Windows\SYSTEM32\ntmarta.dll
0x00007ffd7fb70000 - 0x00007ffd7fcc7000 	C:\Windows\SYSTEM32\wintypes.dll
0x00007ffd7e690000 - 0x00007ffd7e6f6000 	C:\Windows\system32\Oleacc.dll
0x00007ffcda0f0000 - 0x00007ffcda1fb000 	C:\Users\tgspo\.stm32cubemx\.jxbrowser-7.38.2\Chromium\toolkit64.dll
0x00007ffcd5950000 - 0x00007ffcd5a5c000 	C:\Users\tgspo\.stm32cubemx\.jxbrowser-7.38.2\Chromium\ipc64.dll

dbghelp: loaded successfully - version: 4.0.5 - missing functions: none
symbol engine: initialized successfully - sym options: 0x614 - pdb path: .;C:\ST\STM32CubeMX_6.12.0\jre\bin;C:\Windows\SYSTEM32;C:\Windows\WinSxS\amd64_microsoft.windows.common-controls_6595b64144ccf1df_6.0.19041.4355_none_60b8b9eb71f62e16;C:\ST\STM32CubeMX_6.12.0\jre\bin\server;C:\Users\tgspo\.stm32cubemx\.jxbrowser-7.38.2\Chromium

VM Arguments:
jvm_args: -Djavax.net.ssl.trustStoreType=WINDOWS-ROOT -Dsun.java2d.d3d=false 
java_command: com.st.microxplorer.maingui.STM32CubeMX C:\Github\STM32_learing.github.io\OTA_2\APP\template_1.ioc
java_class_path (initial): C:\ST\STM32CubeMX_6.12.0\STM32CubeMX.exe;anything
Launcher Type: SUN_STANDARD

[Global flags]
     intx CICompilerCount                          = 4                                         {product} {ergonomic}
     uint ConcGCThreads                            = 2                                         {product} {ergonomic}
     uint G1ConcRefinementThreads                  = 8                                         {product} {ergonomic}
   size_t G1HeapRegionSize                         = 2097152                                   {product} {ergonomic}
    uintx GCDrainStackTargetSize                   = 64                                        {product} {ergonomic}
   size_t InitialHeapSize                          = 268435456                                 {product} {ergonomic}
   size_t MarkStackSize                            = 4194304                                   {product} {ergonomic}
   size_t MaxHeapSize                              = 4273995776                                {product} {ergonomic}
   size_t MaxNewSize                               = 2562719744                                {product} {ergonomic}
   size_t MinHeapDeltaBytes                        = 2097152                                   {product} {ergonomic}
   size_t MinHeapSize                              = 8388608                                   {product} {ergonomic}
    uintx NonNMethodCodeHeapSize                   = 5839372                                {pd product} {ergonomic}
    uintx NonProfiledCodeHeapSize                  = 122909434                              {pd product} {ergonomic}
    uintx ProfiledCodeHeapSize                     = 122909434                              {pd product} {ergonomic}
    uintx ReservedCodeCacheSize                    = 251658240                              {pd product} {ergonomic}
     bool SegmentedCodeCache                       = true                                      {product} {ergonomic}
   size_t SoftMaxHeapSize                          = 4273995776                             {manageable} {ergonomic}
     bool UseCompressedClassPointers               = true                           {product lp64_product} {ergonomic}
     bool UseCompressedOops                        = true                           {product lp64_product} {ergonomic}
     bool UseG1GC                                  = true                                      {product} {ergonomic}
     bool UseLargePagesIndividualAllocation        = false                                  {pd product} {ergonomic}

Logging:
Log output configuration:
 #0: stdout all=warning uptime,level,tags
 #1: stderr all=off uptime,level,tags

Environment Variables:
PATH=C:\ST\STM32CubeMX_6.12.0\;C:\Program Files (x86)\VMware\VMware Workstation\bin\;C:\Program Files\Common Files\Oracle\Java\javapath;C:\Program Files (x86)\STMicroelectronics\stlink_server;C:\ST\STM32CubeCLT_1.16.0;C:\ST\STM32CubeCLT_1.16.0\CMake\bin;C:\ST\STM32CubeCLT_1.16.0\Ninja\bin;C:\ST\STM32CubeCLT_1.16.0\GNU-tools-for-STM32\bin;C:\ST\STM32CubeCLT_1.16.0\STLink-gdb-server\bin;C:\ST\STM32CubeCLT_1.16.0\STM32CubeProgrammer\bin;C:\Windows\system32;C:\Windows;C:\Windows\System32\Wbem;C:\Windows\System32\WindowsPowerShell\v1.0\;C:\Windows\System32\OpenSSH\;C:\Program Files (x86)\STMicroelectronics\STM32 ST-LINK Utility\ST-LINK Utility;C:\Program Files\dotnet\;C:\Program Files\Git\cmd;C:\ESP\Espressif\tools\xtensa-esp-elf-gdb\14.2_20240403\xtensa-esp-elf-gdb\bin;C:\ESP\Espressif\tools\riscv32-esp-elf-gdb\14.2_20240403\riscv32-esp-elf-gdb\bin;C:\ESP\Espressif\tools\xtensa-esp-elf\esp-13.2.0_20240530\xtensa-esp-elf\bin;C:\ESP\Espressif\tools\esp-clang\16.0.1-fe4f10a809\esp-clang\bin;C:\ESP\Espressif\tools\riscv32-esp-elf\esp-13.2.0_20240530\riscv32-esp-elf\bin;C:\ESP\Espressif\tools\esp32ulp-elf\2.38_20240113\esp32ulp-elf\bin;C:\ESP\Espressif\tools\cmake\3.24.0\bin;C:\ESP\Espressif\tools\openocd-esp32\v0.12.0-esp32-20240318\openocd-esp32\bin;C:\ESP\Espressif\tools\ninja\1.11.1\;C:\ESP\Espressif\tools\idf-exe\1.0.3\;C:\ESP\Espressif\tools\ccache\4.8\ccache-4.8-windows-x86_64;C:\ESP\Espressif\tools\dfu-util\0.11\dfu-util-0.11-win64;C:\ESP\Espressif\frameworks\esp-idf-v5.3.1\tools;C:\ESP\Espressif\python_env\idf5.3_py3.11_env\Scripts\;C:\ESP\Espressif\tools\idf-git\2.44.0\cmd\;C:\ESP\Espressif;C:\Program Files\NVIDIA Corporation\NVIDIA app\NvDLISR;C:\Program Files (x86)\NVIDIA Corporation\PhysX\Common;C:\Program Files\PowerShell\7\;C:\Program Files\PuTTY\;C:\Program Files (x86)\Arm GNU Toolchain arm-none-eabi\14.2 rel1\bin;C:\Users\tgspo\.cargo\bin;C:\Users\tgspo\AppData\Local\Microsoft\WindowsApps;C:\Users\tgspo\AppData\Local\GitHubDesktop\bin;C:\Users\tgspo\AppData\Loc
USERNAME=tgspo
OS=Windows_NT
PROCESSOR_IDENTIFIER=Intel64 Family 6 Model 142 Stepping 10, GenuineIntel
TMP=C:\Users\tgspo\AppData\Local\Temp
TEMP=C:\Users\tgspo\AppData\Local\Temp



Periodic native trim disabled


---------------  S Y S T E M  ---------------

OS:
 Windows 10 , 64 bit Build 19041 (10.0.19041.5438)
OS uptime: 1 days 14:21 hours

CPU: total 8 (initial active 8) (4 cores per cpu, 2 threads per core) family 6 model 142 stepping 10 microcode 0xf0, cx8, cmov, fxsr, ht, mmx, 3dnowpref, sse, sse2, sse3, ssse3, sse4.1, sse4.2, popcnt, lzcnt, tsc, tscinvbit, avx, avx2, aes, erms, clmul, bmi1, bmi2, rtm, adx, fma, vzeroupper, clflush, clflushopt
Processor Information for all 8 processors :
  Max Mhz: 2112, Current Mhz: 1910, Mhz Limit: 1900

Memory: 4k page, system-wide physical 16301M (4815M free)
TotalPageFile size 25517M (AvailPageFile size 9798M)
current process WorkingSet (physical memory assigned to process): 495M, peak: 504M
current process commit charge ("private bytes"): 551M, peak: 560M

vm_info: OpenJDK 64-Bit Server VM (17.0.11+9) for windows-amd64 JRE (17.0.11+9), built on Apr 17 2024 06:07:48 by "admin" with MS VC++ 16.10 / 16.11 (VS2019)

END.
